<?xml version="1.0" encoding="UTF-8"?>
<testng-results ignored="0" total="1" passed="1" failed="0" skipped="0">
  <reporter-output>
  </reporter-output>
  <suite started-at="2023-03-25T11:48:20 CDT" name="MyTestSuite" finished-at="2023-03-25T11:48:24 CDT" duration-ms="4118">
    <groups>
    </groups>
    <test started-at="2023-03-25T11:48:20 CDT" name="MyTest" finished-at="2023-03-25T11:48:24 CDT" duration-ms="4118">
      <class name="com.aafalu.interview.solutions.seleniumexceptions.SeleniumElementNotInteractableException">
        <test-method is-config="true" signature="setUpMethod()[pri:0, instance:com.aafalu.interview.solutions.seleniumexceptions.SeleniumElementNotInteractableException@4f80542f]" started-at="2023-03-25T11:48:20 CDT" name="setUpMethod" finished-at="2023-03-25T11:48:24 CDT" duration-ms="3874" status="PASS">
          <reporter-output>
          </reporter-output>
        </test-method> <!-- setUpMethod -->
        <test-method signature="testElementNotInteractableException()[pri:0, instance:com.aafalu.interview.solutions.seleniumexceptions.SeleniumElementNotInteractableException@4f80542f]" started-at="2023-03-25T11:48:24 CDT" name="testElementNotInteractableException" finished-at="2023-03-25T11:48:24 CDT" duration-ms="72" status="PASS">
          <reporter-output>
          </reporter-output>
        </test-method> <!-- testElementNotInteractableException -->
        <test-method is-config="true" signature="tearDown()[pri:0, instance:com.aafalu.interview.solutions.seleniumexceptions.SeleniumElementNotInteractableException@4f80542f]" started-at="2023-03-25T11:48:24 CDT" name="tearDown" finished-at="2023-03-25T11:48:24 CDT" duration-ms="90" status="PASS">
          <reporter-output>
          </reporter-output>
        </test-method> <!-- tearDown -->
      </class> <!-- com.aafalu.interview.solutions.seleniumexceptions.SeleniumElementNotInteractableException -->
    </test> <!-- MyTest -->
  </suite> <!-- MyTestSuite -->
</testng-results>
